numprocs=7
	1 
	1 
		1 
	1 
	1 
	1 
1 
	1 
	1 
	1 
	1 
	1 
	1 
		1 
	1 
	1 
	1 
	1 
1 
	1 
	1 
	1 
	1 
	1 
	1 
	1 
	1 
	1 
		1 
	1 
	1 
	1 
1 
	1 
	1 
	1 
	1 
	1 
	1 
	1 
	1 
	1 
	1 
	1 
	1 
		1 
	1 
1 
	1 
	0 
	0 
	0 
	0 
	0 
	0 
	0 
Creating cell
Creating cell
Creating cell
Creating cell
Creating cell
Creating cell
Creating cell
/*---------------------------------------------------------------------------*/
/* Special case 86_L5_CDK20041214:                                           */
/* Scale diameter of apical dendrites 0-32 by 2.5 (RE)                       */
/* Otherwise, apical trunk is too thin (<2mu) to allow coupling between      */
/* somatic Na+ and apical Ca2+ spiking zones                                 */
/*---------------------------------------------------------------------------*/
/*---------------------------------------------------------------------------*/
/* Special case 86_L5_CDK20041214:                                           */
/* Scale diameter of apical dendrites 0-32 by 2.5 (RE)                       */
/* Otherwise, apical trunk is too thin (<2mu) to allow coupling between      */
/* somatic Na+ and apical Ca2+ spiking zones                                 */
/*---------------------------------------------------------------------------*/
/*---------------------------------------------------------------------------*/
/* Special case 86_L5_CDK20041214:                                           */
/* Scale diameter of apical dendrites 0-32 by 2.5 (RE)                       */
/* Otherwise, apical trunk is too thin (<2mu) to allow coupling between      */
/* somatic Na+ and apical Ca2+ spiking zones                                 */
/*---------------------------------------------------------------------------*/
/*---------------------------------------------------------------------------*/
/* Special case 86_L5_CDK20041214:                                           */
/* Scale diameter of apical dendrites 0-32 by 2.5 (RE)                       */
/* Otherwise, apical trunk is too thin (<2mu) to allow coupling between      */
/* somatic Na+ and apical Ca2+ spiking zones                                 */
/*---------------------------------------------------------------------------*/
/*---------------------------------------------------------------------------*/
/* Special case 86_L5_CDK20041214:                                           */
/* Scale diameter of apical dendrites 0-32 by 2.5 (RE)                       */
/* Otherwise, apical trunk is too thin (<2mu) to allow coupling between      */
/* somatic Na+ and apical Ca2+ spiking zones                                 */
/*---------------------------------------------------------------------------*/
full list is of length 2 
target trace list still unassigned
full list is of length 2 
full list is of length 2 
target trace list still unassigned
target trace list still unassigned
/*---------------------------------------------------------------------------*/
/* Special case 86_L5_CDK20041214:                                           */
/* Scale diameter of apical dendrites 0-32 by 2.5 (RE)                       */
/* Otherwise, apical trunk is too thin (<2mu) to allow coupling between      */
/* somatic Na+ and apical Ca2+ spiking zones                                 */
/*---------------------------------------------------------------------------*/
full list is of length 2 
target trace list still unassigned
full list is of length 2 
target trace list still unassigned
full list is of length 2 
target trace list still unassigned
full list is of length 2 
full list is of length 2 
full list is of length 2 
full list is of length 2 
full list is of length 2 
	0 
	0 
	0 
	0 
	0 
	0 
	0 
	0 
	0 
	0 
full list is of length 2 
/*---------------------------------------------------------------------------*/
/* Special case 86_L5_CDK20041214:                                           */
/* Scale diameter of apical dendrites 0-32 by 2.5 (RE)                       */
/* Otherwise, apical trunk is too thin (<2mu) to allow coupling between      */
/* somatic Na+ and apical Ca2+ spiking zones                                 */
/*---------------------------------------------------------------------------*/
	0 
	0 
full list is of length 2 
target trace list still unassigned
full list is of length 2 
	0 
	0 
	0 
record path is ga_result_86_CDK20041214_BAC_run2_seed_1234
genome file printed
Commencing run
	0 
	0 
Organism calculation in generation 0 took 365.30112 
Minimum error in this generation is 230.32159 
Calculation of fronts took 4.1632471 
32  unique solutions in first front
generation ran for  369.57443 

Organism calculation in generation 1 took 377.32412 
Minimum error in this generation is 229.8517 
Calculation of fronts took 3.9972091 
32  unique solutions in first front
done printing population error file
done printing population genome file
generation ran for  381.47418 

Organism calculation in generation 2 took 361.93498 
Minimum error in this generation is 229.8517 
Calculation of fronts took 3.6699259 
42  unique solutions in first front
done printing population error file
done printing population genome file
generation ran for  365.79093 

Organism calculation in generation 3 took 366.79164 
Minimum error in this generation is 229.8517 
Calculation of fronts took 3.6900921 
55  unique solutions in first front
done printing population error file
done printing population genome file
generation ran for  370.68528 

Organism calculation in generation 4 took 351.28121 
Minimum error in this generation is 229.2161 
Calculation of fronts took 3.4458921 
55  unique solutions in first front
done printing population error file
done printing population genome file
generation ran for  354.92618 

Organism calculation in generation 5 took 352.04966 
Minimum error in this generation is 229.17695 
Calculation of fronts took 3.4696381 
51  unique solutions in first front
done printing population error file
done printing population genome file
generation ran for  355.7294 

Organism calculation in generation 6 took 353.24307 
Minimum error in this generation is 229.17695 
Calculation of fronts took 3.381705 
57  unique solutions in first front
done printing population error file
done printing population genome file
generation ran for  356.84701 

Organism calculation in generation 7 took 349.15098 
Minimum error in this generation is 229.17695 
Calculation of fronts took 3.3952382 
52  unique solutions in first front
done printing population error file
done printing population genome file
generation ran for  352.75446 

Organism calculation in generation 8 took 354.28431 
Minimum error in this generation is 229.17695 
Calculation of fronts took 3.3895352 
58  unique solutions in first front
done printing population error file
done printing population genome file
generation ran for  357.89808 

Organism calculation in generation 9 took 352.08227 
Minimum error in this generation is 228.874 
Calculation of fronts took 3.4428539 
64  unique solutions in first front
done printing population error file
done printing population genome file
generation ran for  355.7462 

Organism calculation in generation 10 took 353.40001 
Minimum error in this generation is 228.874 
Calculation of fronts took 3.3618989 
55  unique solutions in first front
done printing population error file
done printing population genome file
generation ran for  356.98812 

Organism calculation in generation 11 took 350.93439 
Minimum error in this generation is 228.63085 
Calculation of fronts took 3.3148751 
62  unique solutions in first front
done printing population error file
done printing population genome file
generation ran for  354.47685 

Organism calculation in generation 12 took 351.80457 
Minimum error in this generation is 228.49264 
Calculation of fronts took 3.309021 
59  unique solutions in first front
done printing population error file
done printing population genome file
generation ran for  355.33543 

Organism calculation in generation 13 took 353.18222 
Minimum error in this generation is 228.22896 
Calculation of fronts took 3.379457 
54  unique solutions in first front
done printing population error file
done printing population genome file
generation ran for  356.77277 

Organism calculation in generation 14 took 354.13751 
Minimum error in this generation is 228.22896 
Calculation of fronts took 3.309581 
59  unique solutions in first front
done printing population error file
done printing population genome file
generation ran for  357.66821 

Organism calculation in generation 15 took 348.19869 
Minimum error in this generation is 228.19652 
Calculation of fronts took 3.436007 
53  unique solutions in first front
done printing population error file
done printing population genome file
generation ran for  351.85309 

Organism calculation in generation 16 took 349.06408 
Minimum error in this generation is 228.19652 
Calculation of fronts took 3.3688312 
56  unique solutions in first front
done printing population error file
done printing population genome file
generation ran for  352.66145 

Organism calculation in generation 17 took 345.88205 
Minimum error in this generation is 228.0056 
Calculation of fronts took 3.3011889 
62  unique solutions in first front
done printing population error file
done printing population genome file
generation ran for  349.40601 

Organism calculation in generation 18 took 350.08922 
Minimum error in this generation is 228.0056 
Calculation of fronts took 3.2575099 
66  unique solutions in first front
done printing population error file
done printing population genome file
generation ran for  353.57574 

Organism calculation in generation 19 took 353.02408 
Minimum error in this generation is 228.0056 
Calculation of fronts took 3.2411418 
75  unique solutions in first front
done printing population error file
done printing population genome file
generation ran for  356.49398 

Organism calculation in generation 20 took 348.51021 
Minimum error in this generation is 228.0056 
Calculation of fronts took 3.3012769 
73  unique solutions in first front
done printing population error file
done printing population genome file
generation ran for  352.04493 

Organism calculation in generation 21 took 348.96211 
Minimum error in this generation is 227.45917 
Calculation of fronts took 3.3272409 
65  unique solutions in first front
done printing population error file
done printing population genome file
generation ran for  352.5221 

Organism calculation in generation 22 took 349.83716 
Minimum error in this generation is 227.45917 
Calculation of fronts took 3.293103 
67  unique solutions in first front
done printing population error file
done printing population genome file
generation ran for  353.36939 

Organism calculation in generation 23 took 344.60628 
Minimum error in this generation is 227.45917 
Calculation of fronts took 3.2967031 
75  unique solutions in first front
done printing population error file
done printing population genome file
generation ran for  348.1255 

Organism calculation in generation 24 took 346.49513 
Minimum error in this generation is 227.45917 
Calculation of fronts took 3.3364499 
70  unique solutions in first front
done printing population error file
done printing population genome file
generation ran for  350.08319 

Organism calculation in generation 25 took 347.54497 
Minimum error in this generation is 226.39411 
Calculation of fronts took 3.3497822 
56  unique solutions in first front
done printing population error file
done printing population genome file
generation ran for  351.12021 

Organism calculation in generation 26 took 349.72597 
Minimum error in this generation is 226.39411 
Calculation of fronts took 3.3167381 
58  unique solutions in first front
done printing population error file
done printing population genome file
generation ran for  353.30632 

Organism calculation in generation 27 took 350.96073 
Minimum error in this generation is 226.39411 
Calculation of fronts took 3.5083659 
61  unique solutions in first front
done printing population error file
done printing population genome file
generation ran for  355.24397 

Organism calculation in generation 28 took 347.96066 
Minimum error in this generation is 226.39411 
Calculation of fronts took 3.3083401 
63  unique solutions in first front
done printing population error file
done printing population genome file
generation ran for  351.50438 

Organism calculation in generation 29 took 346.13335 
Minimum error in this generation is 226.39411 
Calculation of fronts took 3.5616438 
63  unique solutions in first front
done printing population error file
done printing population genome file
generation ran for  349.94414 

Organism calculation in generation 30 took 358.30111 
Minimum error in this generation is 226.39411 
Calculation of fronts took 4.22458 
55  unique solutions in first front
done printing population error file
done printing population genome file
generation ran for  362.77603 

Organism calculation in generation 31 took 352.31287 
Minimum error in this generation is 226.39411 
Calculation of fronts took 3.342993 
60  unique solutions in first front
done printing population error file
done printing population genome file
generation ran for  355.89729 

Organism calculation in generation 32 took 354.06434 
Minimum error in this generation is 226.39411 
Calculation of fronts took 3.2972081 
60  unique solutions in first front
done printing population error file
done printing population genome file
generation ran for  357.59145 

Organism calculation in generation 33 took 350.21318 
Minimum error in this generation is 226.39411 
Calculation of fronts took 3.3065989 
66  unique solutions in first front
done printing population error file
done printing population genome file
generation ran for  353.75641 

Organism calculation in generation 34 took 344.73188 
Minimum error in this generation is 226.39411 
Calculation of fronts took 3.275068 
74  unique solutions in first front
done printing population error file
done printing population genome file
generation ran for  348.24091 

Organism calculation in generation 35 took 356.3451 
Minimum error in this generation is 226.39411 
Calculation of fronts took 3.261075 
69  unique solutions in first front
done printing population error file
done printing population genome file
generation ran for  359.83708 

Organism calculation in generation 36 took 339.20239 
Minimum error in this generation is 226.39411 
Calculation of fronts took 3.333005 
61  unique solutions in first front
done printing population error file
done printing population genome file
generation ran for  342.79575 

Organism calculation in generation 37 took 353.75291 
Minimum error in this generation is 226.39411 
Calculation of fronts took 3.296345 
60  unique solutions in first front
done printing population error file
done printing population genome file
generation ran for  357.28723 

Organism calculation in generation 38 took 348.59184 
Minimum error in this generation is 226.39411 
Calculation of fronts took 3.3035078 
63  unique solutions in first front
done printing population error file
done printing population genome file
generation ran for  352.13407 

Organism calculation in generation 39 took 346.50569 
Minimum error in this generation is 226.39411 
Calculation of fronts took 3.7153609 
65  unique solutions in first front
done printing population error file
done printing population genome file
generation ran for  350.46535 

Organism calculation in generation 40 took 349.84345 
Minimum error in this generation is 226.39411 
Calculation of fronts took 3.3205171 
67  unique solutions in first front
done printing population error file
done printing population genome file
generation ran for  353.40531 

Organism calculation in generation 41 took 346.09417 
Minimum error in this generation is 226.39411 
Calculation of fronts took 3.2812459 
65  unique solutions in first front
done printing population error file
done printing population genome file
generation ran for  349.61503 

Organism calculation in generation 42 took 342.22619 
Minimum error in this generation is 226.39411 
Calculation of fronts took 3.2501199 
68  unique solutions in first front
done printing population error file
done printing population genome file
generation ran for  345.72114 

Organism calculation in generation 43 took 339.61814 
Minimum error in this generation is 226.39411 
Calculation of fronts took 3.2802951 
68  unique solutions in first front
done printing population error file
done printing population genome file
generation ran for  343.14196 

Organism calculation in generation 44 took 345.59627 
Minimum error in this generation is 226.39411 
Calculation of fronts took 3.3031731 
66  unique solutions in first front
done printing population error file
done printing population genome file
generation ran for  349.14191 

Organism calculation in generation 45 took 341.29661 
Minimum error in this generation is 226.39411 
Calculation of fronts took 3.227186 
67  unique solutions in first front
done printing population error file
done printing population genome file
generation ran for  344.76937 

Organism calculation in generation 46 took 341.74393 
Minimum error in this generation is 226.39411 
Calculation of fronts took 3.2507811 
68  unique solutions in first front
done printing population error file
done printing population genome file
generation ran for  345.24006 

Organism calculation in generation 47 took 339.95478 
Minimum error in this generation is 226.39411 
Calculation of fronts took 3.2629321 
74  unique solutions in first front
done printing population error file
done printing population genome file
generation ran for  343.46337 

Organism calculation in generation 48 took 339.07193 
Minimum error in this generation is 226.39411 
Calculation of fronts took 3.276221 
64  unique solutions in first front
done printing population error file
done printing population genome file
generation ran for  342.58616 

Organism calculation in generation 49 took 346.43375 
Minimum error in this generation is 226.39411 
Calculation of fronts took 3.2180681 
69  unique solutions in first front
done printing population error file
done printing population genome file
generation ran for  349.89592 

Organism calculation in generation 50 took 340.58187 
Minimum error in this generation is 226.39411 
Calculation of fronts took 3.2321341 
70  unique solutions in first front
done printing population error file
done printing population genome file
generation ran for  344.05565 

Organism calculation in generation 51 took 339.07377 
Minimum error in this generation is 226.39411 
Calculation of fronts took 3.2995012 
59  unique solutions in first front
done printing population error file
done printing population genome file
generation ran for  342.60506 

Organism calculation in generation 52 took 342.70301 
Minimum error in this generation is 226.39411 
Calculation of fronts took 3.2856021 
63  unique solutions in first front
done printing population error file
done printing population genome file
generation ran for  346.22722 

Organism calculation in generation 53 took 337.95639 
Minimum error in this generation is 226.39411 
Calculation of fronts took 3.2838809 
62  unique solutions in first front
done printing population error file
done printing population genome file
generation ran for  341.47982 

Organism calculation in generation 54 took 340.14264 
Minimum error in this generation is 226.39411 
Calculation of fronts took 3.2816272 
63  unique solutions in first front
done printing population error file
done printing population genome file
generation ran for  343.66864 

Organism calculation in generation 55 took 338.45931 
Minimum error in this generation is 226.39411 
Calculation of fronts took 3.2339981 
62  unique solutions in first front
done printing population error file
done printing population genome file
generation ran for  341.94442 

Organism calculation in generation 56 took 338.27386 
Minimum error in this generation is 226.39411 
Calculation of fronts took 3.287339 
61  unique solutions in first front
done printing population error file
done printing population genome file
generation ran for  341.80996 

Organism calculation in generation 57 took 343.47585 
Minimum error in this generation is 226.39411 
Calculation of fronts took 3.2224829 
64  unique solutions in first front
done printing population error file
done printing population genome file
generation ran for  346.94905 

Organism calculation in generation 58 took 340.68025 
Minimum error in this generation is 226.29218 
Calculation of fronts took 3.2473731 
53  unique solutions in first front
done printing population error file
done printing population genome file
generation ran for  344.16362 

Organism calculation in generation 59 took 339.73276 
Minimum error in this generation is 226.22226 
Calculation of fronts took 3.2333891 
54  unique solutions in first front
done printing population error file
done printing population genome file
generation ran for  343.20573 

Organism calculation in generation 60 took 338.11939 
Minimum error in this generation is 226.22226 
Calculation of fronts took 3.301146 
55  unique solutions in first front
done printing population error file
done printing population genome file
generation ran for  341.6499 

Organism calculation in generation 61 took 339.15149 
Minimum error in this generation is 226.22226 
Calculation of fronts took 3.2844241 
56  unique solutions in first front
done printing population error file
done printing population genome file
generation ran for  342.67156 

Organism calculation in generation 62 took 341.3521 
Minimum error in this generation is 226.22226 
Calculation of fronts took 3.2961791 
60  unique solutions in first front
done printing population error file
done printing population genome file
generation ran for  344.88709 

Organism calculation in generation 63 took 336.70425 
Minimum error in this generation is 226.22226 
Calculation of fronts took 3.216002 
62  unique solutions in first front
done printing population error file
done printing population genome file
generation ran for  340.15118 

Organism calculation in generation 64 took 339.40249 
Minimum error in this generation is 226.22226 
Calculation of fronts took 3.2541831 
64  unique solutions in first front
done printing population error file
done printing population genome file
generation ran for  342.89165 

Organism calculation in generation 65 took 337.21094 
Minimum error in this generation is 226.11365 
Calculation of fronts took 3.2616699 
63  unique solutions in first front
done printing population error file
done printing population genome file
generation ran for  340.70055 

Organism calculation in generation 66 took 340.99894 
Minimum error in this generation is 226.11365 
Calculation of fronts took 3.242898 
61  unique solutions in first front
done printing population error file
done printing population genome file
generation ran for  344.47329 

Organism calculation in generation 67 took 339.8179 
Minimum error in this generation is 226.11365 
Calculation of fronts took 3.2251141 
63  unique solutions in first front
done printing population error file
done printing population genome file
generation ran for  343.27553 

Organism calculation in generation 68 took 341.19116 
Minimum error in this generation is 226.11365 
Calculation of fronts took 3.203181 
63  unique solutions in first front
done printing population error file
done printing population genome file
generation ran for  344.62445 

Organism calculation in generation 69 took 337.40081 
Minimum error in this generation is 226.09114 
Calculation of fronts took 3.2249041 
66  unique solutions in first front
done printing population error file
done printing population genome file
generation ran for  340.85612 

Organism calculation in generation 70 took 339.69259 
Minimum error in this generation is 226.09114 
Calculation of fronts took 3.259299 
64  unique solutions in first front
done printing population error file
done printing population genome file
generation ran for  343.18183 

Organism calculation in generation 71 took 339.29049 
Minimum error in this generation is 226.09114 
Calculation of fronts took 3.222569 
62  unique solutions in first front
done printing population error file
done printing population genome file
generation ran for  342.74269 

Organism calculation in generation 72 took 340.83271 
Minimum error in this generation is 226.09114 
Calculation of fronts took 3.3046458 
62  unique solutions in first front
done printing population error file
done printing population genome file
generation ran for  344.36676 

Organism calculation in generation 73 took 334.93474 
Minimum error in this generation is 226.09114 
Calculation of fronts took 3.2607439 
64  unique solutions in first front
done printing population error file
done printing population genome file
generation ran for  338.42397 

Organism calculation in generation 74 took 341.34185 
Minimum error in this generation is 226.09114 
Calculation of fronts took 3.2061081 
66  unique solutions in first front
done printing population error file
done printing population genome file
generation ran for  344.79167 

Organism calculation in generation 75 took 338.94491 
Minimum error in this generation is 226.09114 
Calculation of fronts took 3.2144699 
66  unique solutions in first front
done printing population error file
done printing population genome file
generation ran for  342.40018 

Organism calculation in generation 76 took 336.51775 
Minimum error in this generation is 226.01397 
Calculation of fronts took 3.2230968 
69  unique solutions in first front
done printing population error file
done printing population genome file
generation ran for  339.97561 

Organism calculation in generation 77 took 349.10351 
Minimum error in this generation is 226.01397 
Calculation of fronts took 3.272696 
66  unique solutions in first front
done printing population error file
done printing population genome file
generation ran for  352.61725 

Organism calculation in generation 78 took 340.84366 
Minimum error in this generation is 225.79149 
Calculation of fronts took 3.2690811 
64  unique solutions in first front
done printing population error file
done printing population genome file
generation ran for  344.34289 

Organism calculation in generation 79 took 338.76262 
Minimum error in this generation is 225.79149 
Calculation of fronts took 3.286289 
64  unique solutions in first front
done printing population error file
done printing population genome file
generation ran for  342.29803 

Organism calculation in generation 80 took 338.4663 
Minimum error in this generation is 225.79149 
Calculation of fronts took 3.2555289 
64  unique solutions in first front
done printing population error file
done printing population genome file
generation ran for  341.96166 

Organism calculation in generation 81 took 340.34246 
Minimum error in this generation is 225.79149 
Calculation of fronts took 3.2230229 
65  unique solutions in first front
done printing population error file
done printing population genome file
generation ran for  343.79861 

Organism calculation in generation 82 took 339.59644 
Minimum error in this generation is 225.79149 
Calculation of fronts took 3.2704651 
66  unique solutions in first front
done printing population error file
done printing population genome file
generation ran for  343.09825 

Organism calculation in generation 83 took 337.65636 
Minimum error in this generation is 225.79149 
Calculation of fronts took 3.2689538 
68  unique solutions in first front
done printing population error file
done printing population genome file
generation ran for  341.16087 

Organism calculation in generation 84 took 335.83773 
Minimum error in this generation is 225.79149 
Calculation of fronts took 3.2769411 
68  unique solutions in first front
done printing population error file
done printing population genome file
generation ran for  339.34423 

Organism calculation in generation 85 took 335.75436 
Minimum error in this generation is 225.79149 
Calculation of fronts took 3.2571061 
68  unique solutions in first front
done printing population error file
done printing population genome file
generation ran for  339.24473 

Organism calculation in generation 86 took 339.03006 
Minimum error in this generation is 225.79149 
Calculation of fronts took 3.2407761 
70  unique solutions in first front
done printing population error file
done printing population genome file
generation ran for  342.50661 

Organism calculation in generation 87 took 341.75635 
Minimum error in this generation is 225.79149 
Calculation of fronts took 3.2298541 
72  unique solutions in first front
done printing population error file
done printing population genome file
generation ran for  345.23086 

Organism calculation in generation 88 took 339.30585 
Minimum error in this generation is 225.79149 
Calculation of fronts took 3.237339 
75  unique solutions in first front
done printing population error file
done printing population genome file
generation ran for  342.77494 

Organism calculation in generation 89 took 342.13829 
Minimum error in this generation is 225.79149 
Calculation of fronts took 3.238291 
79  unique solutions in first front
done printing population error file
done printing population genome file
generation ran for  345.61575 

Organism calculation in generation 90 took 336.33858 
Minimum error in this generation is 225.79149 
Calculation of fronts took 3.2450821 
75  unique solutions in first front
done printing population error file
done printing population genome file
generation ran for  339.81241 

Organism calculation in generation 91 took 343.33472 
Minimum error in this generation is 225.79149 
Calculation of fronts took 3.2381661 
74  unique solutions in first front
done printing population error file
done printing population genome file
generation ran for  346.80769 

Organism calculation in generation 92 took 340.03495 
Minimum error in this generation is 225.79149 
Calculation of fronts took 3.2573299 
69  unique solutions in first front
done printing population error file
done printing population genome file
generation ran for  343.5208 

Organism calculation in generation 93 took 338.72562 
Minimum error in this generation is 225.79149 
Calculation of fronts took 3.218425 
70  unique solutions in first front
done printing population error file
done printing population genome file
generation ran for  342.17773 

Organism calculation in generation 94 took 339.62967 
Minimum error in this generation is 225.79149 
Calculation of fronts took 3.2325699 
71  unique solutions in first front
done printing population error file
done printing population genome file
generation ran for  343.1012 

Organism calculation in generation 95 took 340.81389 
Minimum error in this generation is 225.79149 
Calculation of fronts took 3.228621 
73  unique solutions in first front
done printing population error file
done printing population genome file
generation ran for  344.29316 

Organism calculation in generation 96 took 343.06593 
Minimum error in this generation is 225.79149 
Calculation of fronts took 3.218802 
73  unique solutions in first front
done printing population error file
done printing population genome file
generation ran for  346.52076 

Organism calculation in generation 97 took 339.92462 
Minimum error in this generation is 225.6008 
Calculation of fronts took 3.3005149 
68  unique solutions in first front
done printing population error file
done printing population genome file
generation ran for  343.45614 

Organism calculation in generation 98 took 340.05869 
Minimum error in this generation is 225.6008 
Calculation of fronts took 3.183284 
70  unique solutions in first front
done printing population error file
done printing population genome file
generation ran for  343.47712 

Organism calculation in generation 99 took 336.85393 
Minimum error in this generation is 225.6008 
Calculation of fronts took 3.280663 
72  unique solutions in first front
done printing population error file
done printing population genome file
generation ran for  340.37697 

Organism calculation in generation 100 took 338.07685 
Minimum error in this generation is 225.6008 
Calculation of fronts took 3.2211061 
74  unique solutions in first front
done printing population error file
done printing population genome file
generation ran for  341.53873 

Organism calculation in generation 101 took 337.88227 
Minimum error in this generation is 225.6008 
Calculation of fronts took 3.3130479 
76  unique solutions in first front
done printing population error file
done printing population genome file
generation ran for  341.42087 

Organism calculation in generation 102 took 339.09524 
Minimum error in this generation is 225.6008 
Calculation of fronts took 3.2367611 
77  unique solutions in first front
done printing population error file
done printing population genome file
generation ran for  342.56429 

Organism calculation in generation 103 took 340.04613 
Minimum error in this generation is 225.6008 
Calculation of fronts took 3.2091281 
78  unique solutions in first front
done printing population error file
done printing population genome file
generation ran for  343.49248 

Organism calculation in generation 104 took 333.49445 
Minimum error in this generation is 225.6008 
Calculation of fronts took 3.28965 
76  unique solutions in first front
done printing population error file
done printing population genome file
generation ran for  337.02805 

Organism calculation in generation 105 took 335.17325 
Minimum error in this generation is 225.6008 
Calculation of fronts took 3.2112401 
77  unique solutions in first front
done printing population error file
done printing population genome file
generation ran for  338.61912 

Organism calculation in generation 106 took 338.62644 
Minimum error in this generation is 225.6008 
Calculation of fronts took 3.284307 
74  unique solutions in first front
done printing population error file
done printing population genome file
generation ran for  342.14193 

Organism calculation in generation 107 took 338.91983 
Minimum error in this generation is 130.39991 
Calculation of fronts took 4.9148021 
52  unique solutions in first front
done printing population error file
done printing population genome file
generation ran for  344.00546 

Organism calculation in generation 108 took 333.80047 
Minimum error in this generation is 130.39991 
Calculation of fronts took 3.685153 
54  unique solutions in first front
done printing population error file
done printing population genome file
generation ran for  337.64508 

Organism calculation in generation 109 took 334.07606 
Minimum error in this generation is 130.39991 
Calculation of fronts took 3.5294352 
56  unique solutions in first front
done printing population error file
done printing population genome file
generation ran for  337.77137 

Organism calculation in generation 110 took 335.87522 
Minimum error in this generation is 130.39991 
Calculation of fronts took 3.5288019 
56  unique solutions in first front
done printing population error file
done printing population genome file
generation ran for  339.58334 

Organism calculation in generation 111 took 333.15778 
Minimum error in this generation is 130.39991 
Calculation of fronts took 3.3773789 
58  unique solutions in first front
done printing population error file
done printing population genome file
generation ran for  336.70815 

Organism calculation in generation 112 took 337.16229 
Minimum error in this generation is 130.39991 
Calculation of fronts took 3.447727 
58  unique solutions in first front
done printing population error file
done printing population genome file
generation ran for  340.78865 

Organism calculation in generation 113 took 335.57959 
Minimum error in this generation is 130.39991 
Calculation of fronts took 3.490288 
61  unique solutions in first front
done printing population error file
done printing population genome file
generation ran for  339.2496 

Organism calculation in generation 114 took 332.25062 
Minimum error in this generation is 130.39991 
Calculation of fronts took 3.315593 
59  unique solutions in first front
done printing population error file
done printing population genome file
generation ran for  335.74696 

Organism calculation in generation 115 took 336.74709 
Minimum error in this generation is 130.39991 
Calculation of fronts took 3.4751999 
62  unique solutions in first front
done printing population error file
done printing population genome file
generation ran for  340.41791 

Organism calculation in generation 116 took 333.9527 
Minimum error in this generation is 130.39991 
Calculation of fronts took 3.476181 
61  unique solutions in first front
done printing population error file
done printing population genome file
generation ran for  337.6157 

Organism calculation in generation 117 took 331.80057 
Minimum error in this generation is 130.39991 
Calculation of fronts took 3.3827901 
64  unique solutions in first front
done printing population error file
done printing population genome file
generation ran for  335.37276 

Organism calculation in generation 118 took 332.95675 
Minimum error in this generation is 130.39991 
Calculation of fronts took 3.4038501 
64  unique solutions in first front
done printing population error file
done printing population genome file
generation ran for  336.55382 

Organism calculation in generation 119 took 329.46586 
Minimum error in this generation is 130.39991 
Calculation of fronts took 3.401526 
64  unique solutions in first front
done printing population error file
done printing population genome file
generation ran for  333.06594 

Organism calculation in generation 120 took 338.06623 
Minimum error in this generation is 130.39991 
Calculation of fronts took 3.538321 
48  unique solutions in first front
done printing population error file
done printing population genome file
generation ran for  341.79749 

Organism calculation in generation 121 took 334.73478 
Minimum error in this generation is 130.39991 
Calculation of fronts took 3.4715989 
50  unique solutions in first front
done printing population error file
done printing population genome file
generation ran for  338.39921 

Organism calculation in generation 122 took 332.33907 
Minimum error in this generation is 130.39991 
Calculation of fronts took 3.4620721 
50  unique solutions in first front
done printing population error file
done printing population genome file
generation ran for  335.9975 

Organism calculation in generation 123 took 333.96595 
Minimum error in this generation is 130.39991 
Calculation of fronts took 3.4521711 
44  unique solutions in first front
done printing population error file
done printing population genome file
generation ran for  337.61867 

Organism calculation in generation 124 took 336.23298 
Minimum error in this generation is 130.39991 
Calculation of fronts took 3.5075722 
46  unique solutions in first front
done printing population error file
done printing population genome file
generation ran for  339.94131 

Organism calculation in generation 125 took 330.14409 
Minimum error in this generation is 130.39991 
Calculation of fronts took 3.433737 
47  unique solutions in first front
done printing population error file
done printing population genome file
generation ran for  333.77767 

Organism calculation in generation 126 took 334.07138 
Minimum error in this generation is 130.39991 
Calculation of fronts took 3.454052 
44  unique solutions in first front
done printing population error file
done printing population genome file
generation ran for  337.72572 

Organism calculation in generation 127 took 335.73389 
Minimum error in this generation is 130.39991 
Calculation of fronts took 3.4760292 
44  unique solutions in first front
done printing population error file
done printing population genome file
generation ran for  339.40944 

Organism calculation in generation 128 took 332.55703 
Minimum error in this generation is 130.39991 
Calculation of fronts took 3.443738 
44  unique solutions in first front
done printing population error file
done printing population genome file
generation ran for  336.20108 

Organism calculation in generation 129 took 335.38261 
Minimum error in this generation is 130.39991 
Calculation of fronts took 3.5321081 
40  unique solutions in first front
done printing population error file
done printing population genome file
generation ran for  339.12057 

Organism calculation in generation 130 took 332.01188 
Minimum error in this generation is 130.39991 
Calculation of fronts took 3.6168869 
27  unique solutions in first front
done printing population error file
done printing population genome file
generation ran for  335.83897 

Organism calculation in generation 131 took 335.35833 
Minimum error in this generation is 130.39991 
Calculation of fronts took 3.51212 
28  unique solutions in first front
done printing population error file
done printing population genome file
generation ran for  339.07213 

Organism calculation in generation 132 took 332.99293 
Minimum error in this generation is 130.39991 
Calculation of fronts took 3.4625719 
28  unique solutions in first front
done printing population error file
done printing population genome file
generation ran for  336.65592 

Organism calculation in generation 133 took 337.81212 
Minimum error in this generation is 130.39991 
Calculation of fronts took 3.6359138 
30  unique solutions in first front
done printing population error file
done printing population genome file
generation ran for  341.64658 

Organism calculation in generation 134 took 335.09025 
Minimum error in this generation is 130.39991 
Calculation of fronts took 3.4885731 
30  unique solutions in first front
done printing population error file
done printing population genome file
generation ran for  338.77873 

Organism calculation in generation 135 took 330.93991 
Minimum error in this generation is 130.39991 
Calculation of fronts took 3.479665 
30  unique solutions in first front
done printing population error file
done printing population genome file
generation ran for  334.61765 

Organism calculation in generation 136 took 330.47814 
Minimum error in this generation is 130.39991 
Calculation of fronts took 3.4004741 
30  unique solutions in first front
done printing population error file
done printing population genome file
generation ran for  334.07755 

Organism calculation in generation 137 took 333.44244 
Minimum error in this generation is 130.39991 
Calculation of fronts took 3.5950351 
31  unique solutions in first front
done printing population error file
done printing population genome file
generation ran for  337.2335 

Organism calculation in generation 138 took 332.28582 
Minimum error in this generation is 130.39991 
Calculation of fronts took 3.4188571 
34  unique solutions in first front
done printing population error file
done printing population genome file
generation ran for  335.90029 

Organism calculation in generation 139 took 332.6388 
Minimum error in this generation is 130.39991 
Calculation of fronts took 3.4781909 
35  unique solutions in first front
done printing population error file
done printing population genome file
generation ran for  336.31887 

Organism calculation in generation 140 took 329.96964 
Minimum error in this generation is 130.39991 
Calculation of fronts took 3.4605169 
38  unique solutions in first front
done printing population error file
done printing population genome file
generation ran for  333.63033 

Organism calculation in generation 141 took 332.07632 
Minimum error in this generation is 130.39991 
Calculation of fronts took 3.542824 
32  unique solutions in first front
done printing population error file
done printing population genome file
generation ran for  335.81942 

Organism calculation in generation 142 took 334.47382 
Minimum error in this generation is 130.39991 
Calculation of fronts took 3.504452 
32  unique solutions in first front
done printing population error file
done printing population genome file
generation ran for  338.17954 

Organism calculation in generation 143 took 332.71359 
Minimum error in this generation is 130.39991 
Calculation of fronts took 3.477124 
32  unique solutions in first front
done printing population error file
done printing population genome file
generation ran for  336.39415 

Organism calculation in generation 144 took 334.48436 
Minimum error in this generation is 130.39991 
Calculation of fronts took 3.451072 
28  unique solutions in first front
done printing population error file
done printing population genome file
generation ran for  338.13198 

Organism calculation in generation 145 took 334.96832 
Minimum error in this generation is 130.39991 
Calculation of fronts took 3.471493 
30  unique solutions in first front
done printing population error file
done printing population genome file
generation ran for  338.63439 

Organism calculation in generation 146 took 334.24732 
Minimum error in this generation is 130.39991 
Calculation of fronts took 3.5121059 
29  unique solutions in first front
done printing population error file
done printing population genome file
generation ran for  337.95471 

Organism calculation in generation 147 took 332.49607 
Minimum error in this generation is 130.39991 
Calculation of fronts took 3.468298 
28  unique solutions in first front
done printing population error file
done printing population genome file
generation ran for  336.16377 

Organism calculation in generation 148 took 331.95262 
Minimum error in this generation is 130.39991 
Calculation of fronts took 3.481549 
30  unique solutions in first front
done printing population error file
done printing population genome file
generation ran for  335.6358 

Organism calculation in generation 149 took 333.92448 
Minimum error in this generation is 130.39991 
Calculation of fronts took 3.506675 
31  unique solutions in first front
done printing population error file
done printing population genome file
generation ran for  337.63187 

Organism calculation in generation 150 took 335.04426 
Minimum error in this generation is 130.39991 
Calculation of fronts took 3.4790802 
32  unique solutions in first front
done printing population error file
done printing population genome file
generation ran for  338.72015 

Organism calculation in generation 151 took 334.37011 
Minimum error in this generation is 130.39991 
Calculation of fronts took 3.452491 
34  unique solutions in first front
done printing population error file
done printing population genome file
generation ran for  338.028 

Organism calculation in generation 152 took 333.17633 
Minimum error in this generation is 130.39991 
Calculation of fronts took 3.4946029 
35  unique solutions in first front
done printing population error file
done printing population genome file
generation ran for  336.89124 

Organism calculation in generation 153 took 333.06305 
Minimum error in this generation is 130.39991 
Calculation of fronts took 3.4792321 
36  unique solutions in first front
done printing population error file
done printing population genome file
generation ran for  336.74246 

Organism calculation in generation 154 took 335.22483 
Minimum error in this generation is 130.39991 
Calculation of fronts took 3.485656 
36  unique solutions in first front
done printing population error file
done printing population genome file
generation ran for  338.91256 

Organism calculation in generation 155 took 333.26828 
Minimum error in this generation is 130.39991 
Calculation of fronts took 3.4539812 
35  unique solutions in first front
done printing population error file
done printing population genome file
generation ran for  336.92481 

Organism calculation in generation 156 took 331.74937 
Minimum error in this generation is 130.39991 
Calculation of fronts took 3.4003139 
33  unique solutions in first front
done printing population error file
done printing population genome file
generation ran for  335.37231 

Organism calculation in generation 157 took 332.03387 
Minimum error in this generation is 130.39991 
Calculation of fronts took 3.453547 
34  unique solutions in first front
done printing population error file
done printing population genome file
generation ran for  335.69102 

Organism calculation in generation 158 took 333.13661 
Minimum error in this generation is 130.39991 
Calculation of fronts took 3.5010798 
34  unique solutions in first front
done printing population error file
done printing population genome file
generation ran for  336.84256 

Organism calculation in generation 159 took 330.21341 
Minimum error in this generation is 130.39991 
Calculation of fronts took 3.4497509 
38  unique solutions in first front
done printing population error file
done printing population genome file
generation ran for  333.86564 

Organism calculation in generation 160 took 332.91842 
Minimum error in this generation is 130.39991 
Calculation of fronts took 3.4214108 
35  unique solutions in first front
done printing population error file
done printing population genome file
generation ran for  336.54499 

Organism calculation in generation 161 took 329.78834 
Minimum error in this generation is 130.39991 
Calculation of fronts took 3.4712839 
37  unique solutions in first front
done printing population error file
done printing population genome file
generation ran for  333.46597 

Organism calculation in generation 162 took 332.2586 
Minimum error in this generation is 130.39991 
Calculation of fronts took 3.4166658 
35  unique solutions in first front
done printing population error file
done printing population genome file
generation ran for  335.87947 

Organism calculation in generation 163 took 332.3683 
Minimum error in this generation is 130.39991 
Calculation of fronts took 3.4472711 
35  unique solutions in first front
done printing population error file
done printing population genome file
generation ran for  336.03369 

Organism calculation in generation 164 took 328.94709 
Minimum error in this generation is 130.39991 
Calculation of fronts took 3.4357719 
37  unique solutions in first front
done printing population error file
done printing population genome file
generation ran for  332.59106 

Organism calculation in generation 165 took 332.88122 
Minimum error in this generation is 130.39991 
Calculation of fronts took 3.4190519 
37  unique solutions in first front
done printing population error file
done printing population genome file
generation ran for  336.50775 

Organism calculation in generation 166 took 329.94668 
Minimum error in this generation is 130.39991 
Calculation of fronts took 3.482234 
36  unique solutions in first front
done printing population error file
done printing population genome file
generation ran for  333.63182 

Organism calculation in generation 167 took 330.71285 
Minimum error in this generation is 130.39991 
Calculation of fronts took 3.4541709 
37  unique solutions in first front
done printing population error file
done printing population genome file
generation ran for  334.36964 

Organism calculation in generation 168 took 328.51042 
Minimum error in this generation is 130.39991 
Calculation of fronts took 3.4906271 
37  unique solutions in first front
done printing population error file
done printing population genome file
generation ran for  332.20583 

Organism calculation in generation 169 took 334.27894 
Minimum error in this generation is 130.39991 
Calculation of fronts took 3.431164 
38  unique solutions in first front
done printing population error file
done printing population genome file
generation ran for  337.91458 

Organism calculation in generation 170 took 328.86553 
Minimum error in this generation is 130.39991 
Calculation of fronts took 3.4212291 
40  unique solutions in first front
done printing population error file
done printing population genome file
generation ran for  332.49475 

Organism calculation in generation 171 took 328.97682 
Minimum error in this generation is 130.39991 
Calculation of fronts took 3.412323 
40  unique solutions in first front
done printing population error file
done printing population genome file
generation ran for  332.60575 

Organism calculation in generation 172 took 334.85937 
Minimum error in this generation is 130.39991 
Calculation of fronts took 3.424988 
40  unique solutions in first front
done printing population error file
done printing population genome file
generation ran for  338.48695 

Organism calculation in generation 173 took 331.44439 
Minimum error in this generation is 130.39991 
Calculation of fronts took 3.4809 
39  unique solutions in first front
done printing population error file
done printing population genome file
generation ran for  335.13342 

Organism calculation in generation 174 took 329.68707 
Minimum error in this generation is 130.39991 
Calculation of fronts took 3.417702 
41  unique solutions in first front
done printing population error file
done printing population genome file
generation ran for  333.32031 

Organism calculation in generation 175 took 333.61894 
Minimum error in this generation is 130.39991 
Calculation of fronts took 3.4296181 
41  unique solutions in first front
done printing population error file
done printing population genome file
generation ran for  337.25697 

Organism calculation in generation 176 took 334.12598 
Minimum error in this generation is 130.39991 
Calculation of fronts took 3.4700398 
43  unique solutions in first front
done printing population error file
done printing population genome file
generation ran for  337.80393 

Organism calculation in generation 177 took 331.16874 
Minimum error in this generation is 130.39991 
Calculation of fronts took 3.474014 
43  unique solutions in first front
done printing population error file
done printing population genome file
generation ran for  334.85036 

Organism calculation in generation 178 took 331.38856 
Minimum error in this generation is 130.39991 
Calculation of fronts took 3.424819 
44  unique solutions in first front
done printing population error file
done printing population genome file
generation ran for  335.01917 

Organism calculation in generation 179 took 329.90796 
Minimum error in this generation is 130.39991 
Calculation of fronts took 3.48915 
42  unique solutions in first front
done printing population error file
done printing population genome file
generation ran for  333.59869 

Organism calculation in generation 180 took 329.46367 
Minimum error in this generation is 130.39991 
Calculation of fronts took 3.4502041 
42  unique solutions in first front
done printing population error file
done printing population genome file
generation ran for  333.11511 

Organism calculation in generation 181 took 332.83504 
Minimum error in this generation is 130.39991 
Calculation of fronts took 3.5278249 
29  unique solutions in first front
done printing population error file
done printing population genome file
generation ran for  336.56335 

Organism calculation in generation 182 took 329.0411 
Minimum error in this generation is 130.39991 
Calculation of fronts took 3.5820301 
29  unique solutions in first front
done printing population error file
done printing population genome file
generation ran for  332.82224 

Organism calculation in generation 183 took 333.48573 
Minimum error in this generation is 130.39991 
Calculation of fronts took 3.5008869 
33  unique solutions in first front
done printing population error file
done printing population genome file
generation ran for  337.18779 

Organism calculation in generation 184 took 328.70381 
Minimum error in this generation is 130.39991 
Calculation of fronts took 3.4930379 
34  unique solutions in first front
done printing population error file
done printing population genome file
generation ran for  332.39445 

Organism calculation in generation 185 took 328.3054 
Minimum error in this generation is 130.39991 
Calculation of fronts took 3.4308181 
34  unique solutions in first front
done printing population error file
done printing population genome file
generation ran for  331.93467 

Organism calculation in generation 186 took 330.22996 
Minimum error in this generation is 130.39991 
Calculation of fronts took 3.4480519 
34  unique solutions in first front
done printing population error file
done printing population genome file
generation ran for  333.87662 

Organism calculation in generation 187 took 331.41583 
Minimum error in this generation is 130.39991 
Calculation of fronts took 3.480269 
35  unique solutions in first front
done printing population error file
done printing population genome file
generation ran for  335.11163 

Organism calculation in generation 188 took 332.7547 
Minimum error in this generation is 130.39991 
Calculation of fronts took 3.4965651 
36  unique solutions in first front
done printing population error file
done printing population genome file
generation ran for  336.44894 

Organism calculation in generation 189 took 328.01121 
Minimum error in this generation is 130.39991 
Calculation of fronts took 3.4478071 
36  unique solutions in first front
done printing population error file
done printing population genome file
generation ran for  331.65798 

Organism calculation in generation 190 took 330.92539 
Minimum error in this generation is 130.39991 
Calculation of fronts took 3.4388959 
36  unique solutions in first front
done printing population error file
done printing population genome file
generation ran for  334.56512 

Organism calculation in generation 191 took 329.85835 
Minimum error in this generation is 130.39991 
Calculation of fronts took 3.3756459 
37  unique solutions in first front
done printing population error file
done printing population genome file
generation ran for  333.43029 

Organism calculation in generation 192 took 333.35445 
Minimum error in this generation is 130.39991 
Calculation of fronts took 3.4019818 
38  unique solutions in first front
done printing population error file
done printing population genome file
generation ran for  336.96912 

Organism calculation in generation 193 took 328.77079 
Minimum error in this generation is 130.39991 
Calculation of fronts took 3.45806 
39  unique solutions in first front
done printing population error file
done printing population genome file
generation ran for  332.43898 

Organism calculation in generation 194 took 329.52091 
Minimum error in this generation is 130.39991 
Calculation of fronts took 3.3996651 
38  unique solutions in first front
done printing population error file
done printing population genome file
generation ran for  333.13078 

Organism calculation in generation 195 took 330.26335 
Minimum error in this generation is 130.39991 
Calculation of fronts took 3.3897159 
39  unique solutions in first front
done printing population error file
done printing population genome file
generation ran for  333.87186 

Organism calculation in generation 196 took 330.77194 
Minimum error in this generation is 130.39991 
Calculation of fronts took 3.4715431 
39  unique solutions in first front
done printing population error file
done printing population genome file
generation ran for  334.45464 

Organism calculation in generation 197 took 329.78987 
Minimum error in this generation is 130.39991 
Calculation of fronts took 3.368819 
40  unique solutions in first front
done printing population error file
done printing population genome file
generation ran for  333.36996 

Organism calculation in generation 198 took 326.49843 
Minimum error in this generation is 130.39991 
Calculation of fronts took 3.419251 
41  unique solutions in first front
done printing population error file
done printing population genome file
generation ran for  330.11286 

Organism calculation in generation 199 took 327.78855 
Minimum error in this generation is 130.39991 
Calculation of fronts took 3.4730551 
41  unique solutions in first front
done printing population error file
done printing population genome file
generation ran for  331.47381 

Organism calculation in generation 200 took 330.7227 
Minimum error in this generation is 130.39991 
Calculation of fronts took 3.4926391 
41  unique solutions in first front
done printing population error file
done printing population genome file
generation ran for  334.41474 

Organism calculation in generation 201 took 331.46646 
Minimum error in this generation is 130.39991 
Calculation of fronts took 3.431617 
43  unique solutions in first front
done printing population error file
done printing population genome file
generation ran for  335.0956 

Organism calculation in generation 202 took 327.07338 
Minimum error in this generation is 130.39991 
Calculation of fronts took 3.467042 
43  unique solutions in first front
done printing population error file
done printing population genome file
generation ran for  330.74037 

Organism calculation in generation 203 took 338.61669 
Minimum error in this generation is 130.39991 
Calculation of fronts took 3.495414 
43  unique solutions in first front
done printing population error file
done printing population genome file
generation ran for  342.31712 

Organism calculation in generation 204 took 331.3967 
Minimum error in this generation is 130.39991 
Calculation of fronts took 3.500808 
43  unique solutions in first front
done printing population error file
done printing population genome file
generation ran for  335.09953 

Organism calculation in generation 205 took 334.0883 
Minimum error in this generation is 130.39991 
Calculation of fronts took 3.475327 
44  unique solutions in first front
done printing population error file
done printing population genome file
generation ran for  337.76625 

Organism calculation in generation 206 took 329.93891 
Minimum error in this generation is 130.39991 
Calculation of fronts took 3.4762518 
45  unique solutions in first front
done printing population error file
done printing population genome file
generation ran for  333.62145 

Organism calculation in generation 207 took 330.04857 
Minimum error in this generation is 130.39991 
Calculation of fronts took 3.3555262 
45  unique solutions in first front
done printing population error file
done printing population genome file
generation ran for  333.60098 

Organism calculation in generation 208 took 331.24004 
Minimum error in this generation is 130.39991 
Calculation of fronts took 3.423949 
48  unique solutions in first front
done printing population error file
done printing population genome file
generation ran for  334.8586 

Organism calculation in generation 209 took 333.0042 
Minimum error in this generation is 130.39991 
Calculation of fronts took 3.509908 
50  unique solutions in first front
done printing population error file
done printing population genome file
generation ran for  336.73366 

Organism calculation in generation 210 took 333.36203 
Minimum error in this generation is 130.39991 
Calculation of fronts took 3.51612 
46  unique solutions in first front
done printing population error file
done printing population genome file
generation ran for  337.07725 

Organism calculation in generation 211 took 337.70768 
Minimum error in this generation is 130.39991 
Calculation of fronts took 3.4662359 
48  unique solutions in first front
done printing population error file
done printing population genome file
generation ran for  341.36982 

Organism calculation in generation 212 took 333.95709 
Minimum error in this generation is 130.39991 
Calculation of fronts took 3.4977379 
47  unique solutions in first front
done printing population error file
done printing population genome file
generation ran for  337.65996 

Organism calculation in generation 213 took 332.32732 
Minimum error in this generation is 130.39991 
Calculation of fronts took 3.4688909 
45  unique solutions in first front
done printing population error file
done printing population genome file
generation ran for  336.0045 

Organism calculation in generation 214 took 328.9281 
Minimum error in this generation is 130.39991 
Calculation of fronts took 3.4361298 
47  unique solutions in first front
done printing population error file
done printing population genome file
generation ran for  332.57083 

